-------------------------------------------------------------------------------
Test set: com.pluralsight.bookstore.repository.BookRepositoryTest
-------------------------------------------------------------------------------
Tests run: 1, Failures: 0, Errors: 1, Skipped: 0, Time elapsed: 7.29 s <<< FAILURE! - in com.pluralsight.bookstore.repository.BookRepositoryTest
com.pluralsight.bookstore.repository.BookRepositoryTest  Time elapsed: 7.289 s  <<< ERROR!
org.jboss.arquillian.container.spi.client.container.DeploymentException: Cannot deploy: test.war
Caused by: java.net.ConnectException: Connection refused: no further information

